<?xml version="1.0" encoding="UTF-8"?>
<!-- Generated by org.testng.reporters.JUnitReportReporter -->
<testsuite hostname="DESKTOP-V7R4QNT" failures="0" tests="3" name="banjara1.Ride02" time="63.399" errors="0" timestamp="2024-02-19T12:59:58 IST" skipped="0">
  <testcase classname="banjara1.Ride02" name="task2" time="13.300"/>
  <system-out/>
  <testcase classname="banjara1.Ride02" name="task1" time="44.377"/>
  <system-out/>
  <testcase classname="banjara1.Ride02" name="task3" time="5.722"/>
  <system-out/>
</testsuite> <!-- banjara1.Ride02 -->
