<?xml version="1.0" encoding="UTF-8"?>
<!-- Generated by org.testng.reporters.JUnitReportReporter -->
<testsuite hostname="DESKTOP-V7R4QNT" failures="0" tests="3" name="banjara1.Ride2" time="48.221" errors="0" timestamp="2024-02-17T01:12:12 IST" skipped="0">
  <testcase classname="banjara1.Ride2" name="task2" time="12.052"/>
  <system-out/>
  <testcase classname="banjara1.Ride2" name="task1" time="32.190"/>
  <system-out/>
  <testcase classname="banjara1.Ride2" name="task3" time="3.979"/>
  <system-out/>
</testsuite> <!-- banjara1.Ride2 -->
