<?xml version="1.0" encoding="UTF-8"?>
<!-- Generated by org.testng.reporters.JUnitReportReporter -->
<testsuite hostname="DESKTOP-V7R4QNT" failures="0" tests="3" name="banjara1.Ride2" time="49.000" errors="0" timestamp="2024-02-17T01:07:29 IST" skipped="0">
  <testcase classname="banjara1.Ride2" name="task3" time="4.071"/>
  <system-out/>
  <testcase classname="banjara1.Ride2" name="task2" time="12.369"/>
  <system-out/>
  <testcase classname="banjara1.Ride2" name="task1" time="32.560"/>
  <system-out/>
</testsuite> <!-- banjara1.Ride2 -->
